INFO - 2024-01-07 13:12:46 --> Session: Class initialized using 'CodeIgniter\Session\Handlers\FileHandler' driver.
INFO - 2024-01-07 13:12:54 --> Session: Class initialized using 'CodeIgniter\Session\Handlers\FileHandler' driver.
INFO - 2024-01-07 13:12:55 --> Session: Class initialized using 'CodeIgniter\Session\Handlers\FileHandler' driver.
INFO - 2024-01-07 13:13:00 --> Session: Class initialized using 'CodeIgniter\Session\Handlers\FileHandler' driver.
CRITICAL - 2024-01-07 13:13:34 --> Trying to access array offset on value of type null
in APPPATH\Controllers\Posting.php on line 162.
 1 APPPATH\Controllers\Posting.php(162): CodeIgniter\Debug\Exceptions->errorHandler(2, 'Trying to access array offset on value of type null', 'C:\\xampp\\htdocs\\web-uas_present\\app\\Controllers\\Posting.php', 162)
 2 SYSTEMPATH\CodeIgniter.php(942): App\Controllers\Posting->update()
 3 SYSTEMPATH\CodeIgniter.php(502): CodeIgniter\CodeIgniter->runController(Object(App\Controllers\Posting))
 4 SYSTEMPATH\CodeIgniter.php(361): CodeIgniter\CodeIgniter->handleRequest(null, Object(Config\Cache), false)
 5 FCPATH\index.php(79): CodeIgniter\CodeIgniter->run()
 6 SYSTEMPATH\Commands\Server\rewrite.php(47): require_once('C:\\xampp\\htdocs\\web-uas_present\\public\\index.php')
CRITICAL - 2024-01-07 13:18:09 --> Undefined variable $default_posting
in APPPATH\Controllers\Posting.php on line 176.
 1 APPPATH\Controllers\Posting.php(176): CodeIgniter\Debug\Exceptions->errorHandler(2, 'Undefined variable $default_posting', 'C:\\xampp\\htdocs\\web-uas_present\\app\\Controllers\\Posting.php', 176)
 2 SYSTEMPATH\CodeIgniter.php(942): App\Controllers\Posting->update()
 3 SYSTEMPATH\CodeIgniter.php(502): CodeIgniter\CodeIgniter->runController(Object(App\Controllers\Posting))
 4 SYSTEMPATH\CodeIgniter.php(361): CodeIgniter\CodeIgniter->handleRequest(null, Object(Config\Cache), false)
 5 FCPATH\index.php(79): CodeIgniter\CodeIgniter->run()
 6 SYSTEMPATH\Commands\Server\rewrite.php(47): require_once('C:\\xampp\\htdocs\\web-uas_present\\public\\index.php')
CRITICAL - 2024-01-07 13:21:20 --> Trying to access array offset on value of type null
in APPPATH\Controllers\Posting.php on line 162.
 1 APPPATH\Controllers\Posting.php(162): CodeIgniter\Debug\Exceptions->errorHandler(2, 'Trying to access array offset on value of type null', 'C:\\xampp\\htdocs\\web-uas_present\\app\\Controllers\\Posting.php', 162)
 2 SYSTEMPATH\CodeIgniter.php(942): App\Controllers\Posting->update()
 3 SYSTEMPATH\CodeIgniter.php(502): CodeIgniter\CodeIgniter->runController(Object(App\Controllers\Posting))
 4 SYSTEMPATH\CodeIgniter.php(361): CodeIgniter\CodeIgniter->handleRequest(null, Object(Config\Cache), false)
 5 FCPATH\index.php(79): CodeIgniter\CodeIgniter->run()
 6 SYSTEMPATH\Commands\Server\rewrite.php(47): require_once('C:\\xampp\\htdocs\\web-uas_present\\public\\index.php')
