CRITICAL - 2023-11-24 15:34:16 --> Attempt to read property "id_admin" on array
in APPPATH\Views\admin\dashboard.php on line 91.
 1 APPPATH\Views\admin\dashboard.php(91): CodeIgniter\Debug\Exceptions->errorHandler(2, 'Attempt to read property "id_admin" on array', 'C:\\xampp\\htdocs\\web-uas\\app\\Views\\admin\\dashboard.php', 91)
 2 SYSTEMPATH\View\View.php(228): include('C:\\xampp\\htdocs\\web-uas\\app\\Views\\admin\\dashboard.php')
 3 SYSTEMPATH\View\View.php(231): CodeIgniter\View\View->CodeIgniter\View\{closure}()
 4 SYSTEMPATH\Common.php(1190): CodeIgniter\View\View->render('admin/dashboard', [], true)
 5 APPPATH\Controllers\Posting.php(34): view('admin/dashboard', [...])
 6 SYSTEMPATH\CodeIgniter.php(942): App\Controllers\Posting->dashboard()
 7 SYSTEMPATH\CodeIgniter.php(502): CodeIgniter\CodeIgniter->runController(Object(App\Controllers\Posting))
 8 SYSTEMPATH\CodeIgniter.php(361): CodeIgniter\CodeIgniter->handleRequest(null, Object(Config\Cache), false)
 9 FCPATH\index.php(79): CodeIgniter\CodeIgniter->run()
10 SYSTEMPATH\Commands\Server\rewrite.php(47): require_once('C:\\xampp\\htdocs\\web-uas\\public\\index.php')
CRITICAL - 2023-11-24 15:35:05 --> Undefined variable $data
in APPPATH\Views\admin\dashboard.php on line 87.
 1 APPPATH\Views\admin\dashboard.php(87): CodeIgniter\Debug\Exceptions->errorHandler(2, 'Undefined variable $data', 'C:\\xampp\\htdocs\\web-uas\\app\\Views\\admin\\dashboard.php', 87)
 2 SYSTEMPATH\View\View.php(228): include('C:\\xampp\\htdocs\\web-uas\\app\\Views\\admin\\dashboard.php')
 3 SYSTEMPATH\View\View.php(231): CodeIgniter\View\View->CodeIgniter\View\{closure}()
 4 SYSTEMPATH\Common.php(1190): CodeIgniter\View\View->render('admin/dashboard', [], true)
 5 APPPATH\Controllers\Posting.php(34): view('admin/dashboard', [...])
 6 SYSTEMPATH\CodeIgniter.php(942): App\Controllers\Posting->dashboard()
 7 SYSTEMPATH\CodeIgniter.php(502): CodeIgniter\CodeIgniter->runController(Object(App\Controllers\Posting))
 8 SYSTEMPATH\CodeIgniter.php(361): CodeIgniter\CodeIgniter->handleRequest(null, Object(Config\Cache), false)
 9 FCPATH\index.php(79): CodeIgniter\CodeIgniter->run()
10 SYSTEMPATH\Commands\Server\rewrite.php(47): require_once('C:\\xampp\\htdocs\\web-uas\\public\\index.php')
CRITICAL - 2023-11-24 15:37:54 --> Attempt to read property "id_admin" on array
in APPPATH\Views\admin\dashboard.php on line 91.
 1 APPPATH\Views\admin\dashboard.php(91): CodeIgniter\Debug\Exceptions->errorHandler(2, 'Attempt to read property "id_admin" on array', 'C:\\xampp\\htdocs\\web-uas\\app\\Views\\admin\\dashboard.php', 91)
 2 SYSTEMPATH\View\View.php(228): include('C:\\xampp\\htdocs\\web-uas\\app\\Views\\admin\\dashboard.php')
 3 SYSTEMPATH\View\View.php(231): CodeIgniter\View\View->CodeIgniter\View\{closure}()
 4 SYSTEMPATH\Common.php(1190): CodeIgniter\View\View->render('admin/dashboard', [], true)
 5 APPPATH\Controllers\Posting.php(34): view('admin/dashboard', [...])
 6 SYSTEMPATH\CodeIgniter.php(942): App\Controllers\Posting->dashboard()
 7 SYSTEMPATH\CodeIgniter.php(502): CodeIgniter\CodeIgniter->runController(Object(App\Controllers\Posting))
 8 SYSTEMPATH\CodeIgniter.php(361): CodeIgniter\CodeIgniter->handleRequest(null, Object(Config\Cache), false)
 9 FCPATH\index.php(79): CodeIgniter\CodeIgniter->run()
10 SYSTEMPATH\Commands\Server\rewrite.php(47): require_once('C:\\xampp\\htdocs\\web-uas\\public\\index.php')
CRITICAL - 2023-11-24 15:48:46 --> Attempt to read property "id_admin" on array
in APPPATH\Views\admin\dashboard.php on line 91.
 1 APPPATH\Views\admin\dashboard.php(91): CodeIgniter\Debug\Exceptions->errorHandler(2, 'Attempt to read property "id_admin" on array', 'C:\\xampp\\htdocs\\web-uas\\app\\Views\\admin\\dashboard.php', 91)
 2 SYSTEMPATH\View\View.php(228): include('C:\\xampp\\htdocs\\web-uas\\app\\Views\\admin\\dashboard.php')
 3 SYSTEMPATH\View\View.php(231): CodeIgniter\View\View->CodeIgniter\View\{closure}()
 4 SYSTEMPATH\Common.php(1190): CodeIgniter\View\View->render('admin/dashboard', [], true)
 5 APPPATH\Controllers\Posting.php(34): view('admin/dashboard', [...])
 6 SYSTEMPATH\CodeIgniter.php(942): App\Controllers\Posting->dashboard()
 7 SYSTEMPATH\CodeIgniter.php(502): CodeIgniter\CodeIgniter->runController(Object(App\Controllers\Posting))
 8 SYSTEMPATH\CodeIgniter.php(361): CodeIgniter\CodeIgniter->handleRequest(null, Object(Config\Cache), false)
 9 FCPATH\index.php(79): CodeIgniter\CodeIgniter->run()
10 SYSTEMPATH\Commands\Server\rewrite.php(47): require_once('C:\\xampp\\htdocs\\web-uas\\public\\index.php')
CRITICAL - 2023-11-24 15:48:47 --> Attempt to read property "id_admin" on array
in APPPATH\Views\admin\dashboard.php on line 91.
 1 APPPATH\Views\admin\dashboard.php(91): CodeIgniter\Debug\Exceptions->errorHandler(2, 'Attempt to read property "id_admin" on array', 'C:\\xampp\\htdocs\\web-uas\\app\\Views\\admin\\dashboard.php', 91)
 2 SYSTEMPATH\View\View.php(228): include('C:\\xampp\\htdocs\\web-uas\\app\\Views\\admin\\dashboard.php')
 3 SYSTEMPATH\View\View.php(231): CodeIgniter\View\View->CodeIgniter\View\{closure}()
 4 SYSTEMPATH\Common.php(1190): CodeIgniter\View\View->render('admin/dashboard', [], true)
 5 APPPATH\Controllers\Posting.php(34): view('admin/dashboard', [...])
 6 SYSTEMPATH\CodeIgniter.php(942): App\Controllers\Posting->dashboard()
 7 SYSTEMPATH\CodeIgniter.php(502): CodeIgniter\CodeIgniter->runController(Object(App\Controllers\Posting))
 8 SYSTEMPATH\CodeIgniter.php(361): CodeIgniter\CodeIgniter->handleRequest(null, Object(Config\Cache), false)
 9 FCPATH\index.php(79): CodeIgniter\CodeIgniter->run()
10 SYSTEMPATH\Commands\Server\rewrite.php(47): require_once('C:\\xampp\\htdocs\\web-uas\\public\\index.php')
CRITICAL - 2023-11-24 15:49:20 --> Undefined variable $post
in APPPATH\Views\admin\dashboard.php on line 118.
 1 APPPATH\Views\admin\dashboard.php(118): CodeIgniter\Debug\Exceptions->errorHandler(2, 'Undefined variable $post', 'C:\\xampp\\htdocs\\web-uas\\app\\Views\\admin\\dashboard.php', 118)
 2 SYSTEMPATH\View\View.php(228): include('C:\\xampp\\htdocs\\web-uas\\app\\Views\\admin\\dashboard.php')
 3 SYSTEMPATH\View\View.php(231): CodeIgniter\View\View->CodeIgniter\View\{closure}()
 4 SYSTEMPATH\Common.php(1190): CodeIgniter\View\View->render('admin/dashboard', [], true)
 5 APPPATH\Controllers\Posting.php(34): view('admin/dashboard', [...])
 6 SYSTEMPATH\CodeIgniter.php(942): App\Controllers\Posting->dashboard()
 7 SYSTEMPATH\CodeIgniter.php(502): CodeIgniter\CodeIgniter->runController(Object(App\Controllers\Posting))
 8 SYSTEMPATH\CodeIgniter.php(361): CodeIgniter\CodeIgniter->handleRequest(null, Object(Config\Cache), false)
 9 FCPATH\index.php(79): CodeIgniter\CodeIgniter->run()
10 SYSTEMPATH\Commands\Server\rewrite.php(47): require_once('C:\\xampp\\htdocs\\web-uas\\public\\index.php')
CRITICAL - 2023-11-24 15:49:22 --> Undefined variable $post
in APPPATH\Views\admin\dashboard.php on line 118.
 1 APPPATH\Views\admin\dashboard.php(118): CodeIgniter\Debug\Exceptions->errorHandler(2, 'Undefined variable $post', 'C:\\xampp\\htdocs\\web-uas\\app\\Views\\admin\\dashboard.php', 118)
 2 SYSTEMPATH\View\View.php(228): include('C:\\xampp\\htdocs\\web-uas\\app\\Views\\admin\\dashboard.php')
 3 SYSTEMPATH\View\View.php(231): CodeIgniter\View\View->CodeIgniter\View\{closure}()
 4 SYSTEMPATH\Common.php(1190): CodeIgniter\View\View->render('admin/dashboard', [], true)
 5 APPPATH\Controllers\Posting.php(34): view('admin/dashboard', [...])
 6 SYSTEMPATH\CodeIgniter.php(942): App\Controllers\Posting->dashboard()
 7 SYSTEMPATH\CodeIgniter.php(502): CodeIgniter\CodeIgniter->runController(Object(App\Controllers\Posting))
 8 SYSTEMPATH\CodeIgniter.php(361): CodeIgniter\CodeIgniter->handleRequest(null, Object(Config\Cache), false)
 9 FCPATH\index.php(79): CodeIgniter\CodeIgniter->run()
10 SYSTEMPATH\Commands\Server\rewrite.php(47): require_once('C:\\xampp\\htdocs\\web-uas\\public\\index.php')
CRITICAL - 2023-11-24 15:54:48 --> Undefined array key "id_pposting"
in APPPATH\Views\admin\dashboard.php on line 105.
 1 APPPATH\Views\admin\dashboard.php(105): CodeIgniter\Debug\Exceptions->errorHandler(2, 'Undefined array key "id_pposting"', 'C:\\xampp\\htdocs\\web-uas\\app\\Views\\admin\\dashboard.php', 105)
 2 SYSTEMPATH\View\View.php(228): include('C:\\xampp\\htdocs\\web-uas\\app\\Views\\admin\\dashboard.php')
 3 SYSTEMPATH\View\View.php(231): CodeIgniter\View\View->CodeIgniter\View\{closure}()
 4 SYSTEMPATH\Common.php(1190): CodeIgniter\View\View->render('admin/dashboard', [], true)
 5 APPPATH\Controllers\Posting.php(34): view('admin/dashboard', [...])
 6 SYSTEMPATH\CodeIgniter.php(942): App\Controllers\Posting->dashboard()
 7 SYSTEMPATH\CodeIgniter.php(502): CodeIgniter\CodeIgniter->runController(Object(App\Controllers\Posting))
 8 SYSTEMPATH\CodeIgniter.php(361): CodeIgniter\CodeIgniter->handleRequest(null, Object(Config\Cache), false)
 9 FCPATH\index.php(79): CodeIgniter\CodeIgniter->run()
10 SYSTEMPATH\Commands\Server\rewrite.php(47): require_once('C:\\xampp\\htdocs\\web-uas\\public\\index.php')
CRITICAL - 2023-11-24 16:09:59 --> Undefined variable $data
in APPPATH\Views\admin\dashboard.php on line 87.
 1 APPPATH\Views\admin\dashboard.php(87): CodeIgniter\Debug\Exceptions->errorHandler(2, 'Undefined variable $data', 'C:\\xampp\\htdocs\\web-uas\\app\\Views\\admin\\dashboard.php', 87)
 2 SYSTEMPATH\View\View.php(228): include('C:\\xampp\\htdocs\\web-uas\\app\\Views\\admin\\dashboard.php')
 3 SYSTEMPATH\View\View.php(231): CodeIgniter\View\View->CodeIgniter\View\{closure}()
 4 SYSTEMPATH\Common.php(1190): CodeIgniter\View\View->render('admin/dashboard', [], true)
 5 APPPATH\Controllers\Posting.php(34): view('admin/dashboard', [...])
 6 SYSTEMPATH\CodeIgniter.php(942): App\Controllers\Posting->dashboard()
 7 SYSTEMPATH\CodeIgniter.php(502): CodeIgniter\CodeIgniter->runController(Object(App\Controllers\Posting))
 8 SYSTEMPATH\CodeIgniter.php(361): CodeIgniter\CodeIgniter->handleRequest(null, Object(Config\Cache), false)
 9 FCPATH\index.php(79): CodeIgniter\CodeIgniter->run()
10 SYSTEMPATH\Commands\Server\rewrite.php(47): require_once('C:\\xampp\\htdocs\\web-uas\\public\\index.php')
CRITICAL - 2023-11-24 16:20:41 --> Undefined variable $admin
in APPPATH\Views\admin\form.php on line 62.
 1 APPPATH\Views\admin\form.php(62): CodeIgniter\Debug\Exceptions->errorHandler(2, 'Undefined variable $admin', 'C:\\xampp\\htdocs\\web-uas\\app\\Views\\admin\\form.php', 62)
 2 SYSTEMPATH\View\View.php(228): include('C:\\xampp\\htdocs\\web-uas\\app\\Views\\admin\\form.php')
 3 SYSTEMPATH\View\View.php(231): CodeIgniter\View\View->CodeIgniter\View\{closure}()
 4 SYSTEMPATH\Common.php(1190): CodeIgniter\View\View->render('admin/form', [], true)
 5 APPPATH\Controllers\Posting.php(126): view('admin/form', [...])
 6 SYSTEMPATH\CodeIgniter.php(942): App\Controllers\Posting->update()
 7 SYSTEMPATH\CodeIgniter.php(502): CodeIgniter\CodeIgniter->runController(Object(App\Controllers\Posting))
 8 SYSTEMPATH\CodeIgniter.php(361): CodeIgniter\CodeIgniter->handleRequest(null, Object(Config\Cache), false)
 9 FCPATH\index.php(79): CodeIgniter\CodeIgniter->run()
10 SYSTEMPATH\Commands\Server\rewrite.php(47): require_once('C:\\xampp\\htdocs\\web-uas\\public\\index.php')
CRITICAL - 2023-11-24 16:23:38 --> Undefined variable $admin
in APPPATH\Views\admin\form.php on line 62.
 1 APPPATH\Views\admin\form.php(62): CodeIgniter\Debug\Exceptions->errorHandler(2, 'Undefined variable $admin', 'C:\\xampp\\htdocs\\web-uas\\app\\Views\\admin\\form.php', 62)
 2 SYSTEMPATH\View\View.php(228): include('C:\\xampp\\htdocs\\web-uas\\app\\Views\\admin\\form.php')
 3 SYSTEMPATH\View\View.php(231): CodeIgniter\View\View->CodeIgniter\View\{closure}()
 4 SYSTEMPATH\Common.php(1190): CodeIgniter\View\View->render('admin/form', [], true)
 5 APPPATH\Controllers\Posting.php(126): view('admin/form', [...])
 6 SYSTEMPATH\CodeIgniter.php(942): App\Controllers\Posting->update()
 7 SYSTEMPATH\CodeIgniter.php(502): CodeIgniter\CodeIgniter->runController(Object(App\Controllers\Posting))
 8 SYSTEMPATH\CodeIgniter.php(361): CodeIgniter\CodeIgniter->handleRequest(null, Object(Config\Cache), false)
 9 FCPATH\index.php(79): CodeIgniter\CodeIgniter->run()
10 SYSTEMPATH\Commands\Server\rewrite.php(47): require_once('C:\\xampp\\htdocs\\web-uas\\public\\index.php')
CRITICAL - 2023-11-24 16:24:03 --> Undefined variable $admin
in APPPATH\Views\admin\form.php on line 62.
 1 APPPATH\Views\admin\form.php(62): CodeIgniter\Debug\Exceptions->errorHandler(2, 'Undefined variable $admin', 'C:\\xampp\\htdocs\\web-uas\\app\\Views\\admin\\form.php', 62)
 2 SYSTEMPATH\View\View.php(228): include('C:\\xampp\\htdocs\\web-uas\\app\\Views\\admin\\form.php')
 3 SYSTEMPATH\View\View.php(231): CodeIgniter\View\View->CodeIgniter\View\{closure}()
 4 SYSTEMPATH\Common.php(1190): CodeIgniter\View\View->render('admin/form', [], true)
 5 APPPATH\Controllers\Posting.php(126): view('admin/form', [...])
 6 SYSTEMPATH\CodeIgniter.php(942): App\Controllers\Posting->update()
 7 SYSTEMPATH\CodeIgniter.php(502): CodeIgniter\CodeIgniter->runController(Object(App\Controllers\Posting))
 8 SYSTEMPATH\CodeIgniter.php(361): CodeIgniter\CodeIgniter->handleRequest(null, Object(Config\Cache), false)
 9 FCPATH\index.php(79): CodeIgniter\CodeIgniter->run()
10 SYSTEMPATH\Commands\Server\rewrite.php(47): require_once('C:\\xampp\\htdocs\\web-uas\\public\\index.php')
CRITICAL - 2023-11-24 16:24:21 --> Undefined variable $admin
in APPPATH\Views\admin\form.php on line 62.
 1 APPPATH\Views\admin\form.php(62): CodeIgniter\Debug\Exceptions->errorHandler(2, 'Undefined variable $admin', 'C:\\xampp\\htdocs\\web-uas\\app\\Views\\admin\\form.php', 62)
 2 SYSTEMPATH\View\View.php(228): include('C:\\xampp\\htdocs\\web-uas\\app\\Views\\admin\\form.php')
 3 SYSTEMPATH\View\View.php(231): CodeIgniter\View\View->CodeIgniter\View\{closure}()
 4 SYSTEMPATH\Common.php(1190): CodeIgniter\View\View->render('admin/form', [], true)
 5 APPPATH\Controllers\Posting.php(126): view('admin/form', [...])
 6 SYSTEMPATH\CodeIgniter.php(942): App\Controllers\Posting->update()
 7 SYSTEMPATH\CodeIgniter.php(502): CodeIgniter\CodeIgniter->runController(Object(App\Controllers\Posting))
 8 SYSTEMPATH\CodeIgniter.php(361): CodeIgniter\CodeIgniter->handleRequest(null, Object(Config\Cache), false)
 9 FCPATH\index.php(79): CodeIgniter\CodeIgniter->run()
10 SYSTEMPATH\Commands\Server\rewrite.php(47): require_once('C:\\xampp\\htdocs\\web-uas\\public\\index.php')
CRITICAL - 2023-11-24 16:24:24 --> Undefined variable $admin
in APPPATH\Views\admin\form.php on line 62.
 1 APPPATH\Views\admin\form.php(62): CodeIgniter\Debug\Exceptions->errorHandler(2, 'Undefined variable $admin', 'C:\\xampp\\htdocs\\web-uas\\app\\Views\\admin\\form.php', 62)
 2 SYSTEMPATH\View\View.php(228): include('C:\\xampp\\htdocs\\web-uas\\app\\Views\\admin\\form.php')
 3 SYSTEMPATH\View\View.php(231): CodeIgniter\View\View->CodeIgniter\View\{closure}()
 4 SYSTEMPATH\Common.php(1190): CodeIgniter\View\View->render('admin/form', [], true)
 5 APPPATH\Controllers\Posting.php(126): view('admin/form', [...])
 6 SYSTEMPATH\CodeIgniter.php(942): App\Controllers\Posting->update()
 7 SYSTEMPATH\CodeIgniter.php(502): CodeIgniter\CodeIgniter->runController(Object(App\Controllers\Posting))
 8 SYSTEMPATH\CodeIgniter.php(361): CodeIgniter\CodeIgniter->handleRequest(null, Object(Config\Cache), false)
 9 FCPATH\index.php(79): CodeIgniter\CodeIgniter->run()
10 SYSTEMPATH\Commands\Server\rewrite.php(47): require_once('C:\\xampp\\htdocs\\web-uas\\public\\index.php')
CRITICAL - 2023-11-24 16:24:26 --> Undefined variable $admin
in APPPATH\Views\admin\form.php on line 62.
 1 APPPATH\Views\admin\form.php(62): CodeIgniter\Debug\Exceptions->errorHandler(2, 'Undefined variable $admin', 'C:\\xampp\\htdocs\\web-uas\\app\\Views\\admin\\form.php', 62)
 2 SYSTEMPATH\View\View.php(228): include('C:\\xampp\\htdocs\\web-uas\\app\\Views\\admin\\form.php')
 3 SYSTEMPATH\View\View.php(231): CodeIgniter\View\View->CodeIgniter\View\{closure}()
 4 SYSTEMPATH\Common.php(1190): CodeIgniter\View\View->render('admin/form', [], true)
 5 APPPATH\Controllers\Posting.php(126): view('admin/form', [...])
 6 SYSTEMPATH\CodeIgniter.php(942): App\Controllers\Posting->update()
 7 SYSTEMPATH\CodeIgniter.php(502): CodeIgniter\CodeIgniter->runController(Object(App\Controllers\Posting))
 8 SYSTEMPATH\CodeIgniter.php(361): CodeIgniter\CodeIgniter->handleRequest(null, Object(Config\Cache), false)
 9 FCPATH\index.php(79): CodeIgniter\CodeIgniter->run()
10 SYSTEMPATH\Commands\Server\rewrite.php(47): require_once('C:\\xampp\\htdocs\\web-uas\\public\\index.php')
CRITICAL - 2023-11-24 16:25:36 --> Undefined variable $admin
in APPPATH\Views\admin\form.php on line 62.
 1 APPPATH\Views\admin\form.php(62): CodeIgniter\Debug\Exceptions->errorHandler(2, 'Undefined variable $admin', 'C:\\xampp\\htdocs\\web-uas\\app\\Views\\admin\\form.php', 62)
 2 SYSTEMPATH\View\View.php(228): include('C:\\xampp\\htdocs\\web-uas\\app\\Views\\admin\\form.php')
 3 SYSTEMPATH\View\View.php(231): CodeIgniter\View\View->CodeIgniter\View\{closure}()
 4 SYSTEMPATH\Common.php(1190): CodeIgniter\View\View->render('admin/form', [], true)
 5 APPPATH\Controllers\Posting.php(126): view('admin/form', [...])
 6 SYSTEMPATH\CodeIgniter.php(942): App\Controllers\Posting->update()
 7 SYSTEMPATH\CodeIgniter.php(502): CodeIgniter\CodeIgniter->runController(Object(App\Controllers\Posting))
 8 SYSTEMPATH\CodeIgniter.php(361): CodeIgniter\CodeIgniter->handleRequest(null, Object(Config\Cache), false)
 9 FCPATH\index.php(79): CodeIgniter\CodeIgniter->run()
10 SYSTEMPATH\Commands\Server\rewrite.php(47): require_once('C:\\xampp\\htdocs\\web-uas\\public\\index.php')
CRITICAL - 2023-11-24 16:25:38 --> Undefined variable $admin
in APPPATH\Views\admin\form.php on line 62.
 1 APPPATH\Views\admin\form.php(62): CodeIgniter\Debug\Exceptions->errorHandler(2, 'Undefined variable $admin', 'C:\\xampp\\htdocs\\web-uas\\app\\Views\\admin\\form.php', 62)
 2 SYSTEMPATH\View\View.php(228): include('C:\\xampp\\htdocs\\web-uas\\app\\Views\\admin\\form.php')
 3 SYSTEMPATH\View\View.php(231): CodeIgniter\View\View->CodeIgniter\View\{closure}()
 4 SYSTEMPATH\Common.php(1190): CodeIgniter\View\View->render('admin/form', [], true)
 5 APPPATH\Controllers\Posting.php(126): view('admin/form', [...])
 6 SYSTEMPATH\CodeIgniter.php(942): App\Controllers\Posting->update()
 7 SYSTEMPATH\CodeIgniter.php(502): CodeIgniter\CodeIgniter->runController(Object(App\Controllers\Posting))
 8 SYSTEMPATH\CodeIgniter.php(361): CodeIgniter\CodeIgniter->handleRequest(null, Object(Config\Cache), false)
 9 FCPATH\index.php(79): CodeIgniter\CodeIgniter->run()
10 SYSTEMPATH\Commands\Server\rewrite.php(47): require_once('C:\\xampp\\htdocs\\web-uas\\public\\index.php')
