CRITICAL - 2023-11-20 14:01:37 --> Undefined property: stdClass::$nama_admin
in APPPATH\Controllers\Posting.php on line 39.
 1 APPPATH\Controllers\Posting.php(39): CodeIgniter\Debug\Exceptions->errorHandler(2, 'Undefined property: stdClass::$nama_admin', 'C:\\xampp\\htdocs\\web-uas\\app\\Controllers\\Posting.php', 39)
 2 SYSTEMPATH\CodeIgniter.php(942): App\Controllers\Posting->form()
 3 SYSTEMPATH\CodeIgniter.php(502): CodeIgniter\CodeIgniter->runController(Object(App\Controllers\Posting))
 4 SYSTEMPATH\CodeIgniter.php(361): CodeIgniter\CodeIgniter->handleRequest(null, Object(Config\Cache), false)
 5 FCPATH\index.php(79): CodeIgniter\CodeIgniter->run()
 6 SYSTEMPATH\Commands\Server\rewrite.php(47): require_once('C:\\xampp\\htdocs\\web-uas\\public\\index.php')
CRITICAL - 2023-11-20 14:02:20 --> view(): Argument #2 ($data) must be of type array, CodeIgniter\Database\MySQLi\Result given, called in C:\xampp\htdocs\web-uas\app\Controllers\Posting.php on line 42
in SYSTEMPATH\Common.php on line 1178.
 1 APPPATH\Controllers\Posting.php(42): view('admin/form', Object(CodeIgniter\Database\MySQLi\Result))
 2 SYSTEMPATH\CodeIgniter.php(942): App\Controllers\Posting->form()
 3 SYSTEMPATH\CodeIgniter.php(502): CodeIgniter\CodeIgniter->runController(Object(App\Controllers\Posting))
 4 SYSTEMPATH\CodeIgniter.php(361): CodeIgniter\CodeIgniter->handleRequest(null, Object(Config\Cache), false)
 5 FCPATH\index.php(79): CodeIgniter\CodeIgniter->run()
 6 SYSTEMPATH\Commands\Server\rewrite.php(47): require_once('C:\\xampp\\htdocs\\web-uas\\public\\index.php')
CRITICAL - 2023-11-20 14:11:05 --> Cannot use object of type mysqli as array
in APPPATH\Views\admin\form.php on line 63.
 1 SYSTEMPATH\View\View.php(228): include()
 2 SYSTEMPATH\View\View.php(231): CodeIgniter\View\View->CodeIgniter\View\{closure}()
 3 SYSTEMPATH\Common.php(1190): CodeIgniter\View\View->render('admin/form', [], true)
 4 APPPATH\Controllers\Posting.php(46): view('admin/form', [...])
 5 SYSTEMPATH\CodeIgniter.php(942): App\Controllers\Posting->form()
 6 SYSTEMPATH\CodeIgniter.php(502): CodeIgniter\CodeIgniter->runController(Object(App\Controllers\Posting))
 7 SYSTEMPATH\CodeIgniter.php(361): CodeIgniter\CodeIgniter->handleRequest(null, Object(Config\Cache), false)
 8 FCPATH\index.php(79): CodeIgniter\CodeIgniter->run()
 9 SYSTEMPATH\Commands\Server\rewrite.php(47): require_once('C:\\xampp\\htdocs\\web-uas\\public\\index.php')
CRITICAL - 2023-11-20 14:19:21 --> Cannot use object of type mysqli as array
in APPPATH\Views\admin\form.php on line 63.
 1 SYSTEMPATH\View\View.php(228): include()
 2 SYSTEMPATH\View\View.php(231): CodeIgniter\View\View->CodeIgniter\View\{closure}()
 3 SYSTEMPATH\Common.php(1190): CodeIgniter\View\View->render('admin/form', [], true)
 4 APPPATH\Controllers\Posting.php(46): view('admin/form', [...])
 5 SYSTEMPATH\CodeIgniter.php(942): App\Controllers\Posting->form()
 6 SYSTEMPATH\CodeIgniter.php(502): CodeIgniter\CodeIgniter->runController(Object(App\Controllers\Posting))
 7 SYSTEMPATH\CodeIgniter.php(361): CodeIgniter\CodeIgniter->handleRequest(null, Object(Config\Cache), false)
 8 FCPATH\index.php(79): CodeIgniter\CodeIgniter->run()
 9 SYSTEMPATH\Commands\Server\rewrite.php(47): require_once('C:\\xampp\\htdocs\\web-uas\\public\\index.php')
CRITICAL - 2023-11-20 14:19:23 --> CodeIgniter\Database\BaseResult::getResult(): Argument #1 ($type) must be of type string, null given, called in C:\xampp\htdocs\web-uas\system\Model.php on line 238
in SYSTEMPATH\Database\BaseResult.php on line 104.
 1 SYSTEMPATH\Model.php(238): CodeIgniter\Database\BaseResult->getResult(null)
 2 SYSTEMPATH\BaseModel.php(624): CodeIgniter\Model->doFindAll(0, 0)
 3 APPPATH\Controllers\Posting.php(25): CodeIgniter\BaseModel->findAll()
 4 SYSTEMPATH\CodeIgniter.php(942): App\Controllers\Posting->dashboard()
 5 SYSTEMPATH\CodeIgniter.php(502): CodeIgniter\CodeIgniter->runController(Object(App\Controllers\Posting))
 6 SYSTEMPATH\CodeIgniter.php(361): CodeIgniter\CodeIgniter->handleRequest(null, Object(Config\Cache), false)
 7 FCPATH\index.php(79): CodeIgniter\CodeIgniter->run()
 8 SYSTEMPATH\Commands\Server\rewrite.php(47): require_once('C:\\xampp\\htdocs\\web-uas\\public\\index.php')
CRITICAL - 2023-11-20 14:19:26 --> CodeIgniter\Database\BaseResult::getResult(): Argument #1 ($type) must be of type string, null given, called in C:\xampp\htdocs\web-uas\system\Model.php on line 238
in SYSTEMPATH\Database\BaseResult.php on line 104.
 1 SYSTEMPATH\Model.php(238): CodeIgniter\Database\BaseResult->getResult(null)
 2 SYSTEMPATH\BaseModel.php(624): CodeIgniter\Model->doFindAll(0, 0)
 3 APPPATH\Controllers\Posting.php(25): CodeIgniter\BaseModel->findAll()
 4 SYSTEMPATH\CodeIgniter.php(942): App\Controllers\Posting->dashboard()
 5 SYSTEMPATH\CodeIgniter.php(502): CodeIgniter\CodeIgniter->runController(Object(App\Controllers\Posting))
 6 SYSTEMPATH\CodeIgniter.php(361): CodeIgniter\CodeIgniter->handleRequest(null, Object(Config\Cache), false)
 7 FCPATH\index.php(79): CodeIgniter\CodeIgniter->run()
 8 SYSTEMPATH\Commands\Server\rewrite.php(47): require_once('C:\\xampp\\htdocs\\web-uas\\public\\index.php')
CRITICAL - 2023-11-20 14:20:06 --> CodeIgniter\Database\BaseResult::getResult(): Argument #1 ($type) must be of type string, null given, called in C:\xampp\htdocs\web-uas\system\Model.php on line 238
in SYSTEMPATH\Database\BaseResult.php on line 104.
 1 SYSTEMPATH\Model.php(238): CodeIgniter\Database\BaseResult->getResult(null)
 2 SYSTEMPATH\BaseModel.php(624): CodeIgniter\Model->doFindAll(0, 0)
 3 APPPATH\Controllers\Posting.php(25): CodeIgniter\BaseModel->findAll()
 4 SYSTEMPATH\CodeIgniter.php(942): App\Controllers\Posting->dashboard()
 5 SYSTEMPATH\CodeIgniter.php(502): CodeIgniter\CodeIgniter->runController(Object(App\Controllers\Posting))
 6 SYSTEMPATH\CodeIgniter.php(361): CodeIgniter\CodeIgniter->handleRequest(null, Object(Config\Cache), false)
 7 FCPATH\index.php(79): CodeIgniter\CodeIgniter->run()
 8 SYSTEMPATH\Commands\Server\rewrite.php(47): require_once('C:\\xampp\\htdocs\\web-uas\\public\\index.php')
CRITICAL - 2023-11-20 14:20:07 --> CodeIgniter\Database\BaseResult::getResult(): Argument #1 ($type) must be of type string, null given, called in C:\xampp\htdocs\web-uas\system\Model.php on line 238
in SYSTEMPATH\Database\BaseResult.php on line 104.
 1 SYSTEMPATH\Model.php(238): CodeIgniter\Database\BaseResult->getResult(null)
 2 SYSTEMPATH\BaseModel.php(624): CodeIgniter\Model->doFindAll(0, 0)
 3 APPPATH\Controllers\Posting.php(25): CodeIgniter\BaseModel->findAll()
 4 SYSTEMPATH\CodeIgniter.php(942): App\Controllers\Posting->dashboard()
 5 SYSTEMPATH\CodeIgniter.php(502): CodeIgniter\CodeIgniter->runController(Object(App\Controllers\Posting))
 6 SYSTEMPATH\CodeIgniter.php(361): CodeIgniter\CodeIgniter->handleRequest(null, Object(Config\Cache), false)
 7 FCPATH\index.php(79): CodeIgniter\CodeIgniter->run()
 8 SYSTEMPATH\Commands\Server\rewrite.php(47): require_once('C:\\xampp\\htdocs\\web-uas\\public\\index.php')
CRITICAL - 2023-11-20 14:20:11 --> CodeIgniter\Database\BaseResult::getResult(): Argument #1 ($type) must be of type string, null given, called in C:\xampp\htdocs\web-uas\system\Model.php on line 238
in SYSTEMPATH\Database\BaseResult.php on line 104.
 1 SYSTEMPATH\Model.php(238): CodeIgniter\Database\BaseResult->getResult(null)
 2 SYSTEMPATH\BaseModel.php(624): CodeIgniter\Model->doFindAll(0, 0)
 3 APPPATH\Controllers\Posting.php(25): CodeIgniter\BaseModel->findAll()
 4 SYSTEMPATH\CodeIgniter.php(942): App\Controllers\Posting->dashboard()
 5 SYSTEMPATH\CodeIgniter.php(502): CodeIgniter\CodeIgniter->runController(Object(App\Controllers\Posting))
 6 SYSTEMPATH\CodeIgniter.php(361): CodeIgniter\CodeIgniter->handleRequest(null, Object(Config\Cache), false)
 7 FCPATH\index.php(79): CodeIgniter\CodeIgniter->run()
 8 SYSTEMPATH\Commands\Server\rewrite.php(47): require_once('C:\\xampp\\htdocs\\web-uas\\public\\index.php')
CRITICAL - 2023-11-20 14:20:34 --> CodeIgniter\Database\BaseResult::getResult(): Argument #1 ($type) must be of type string, null given, called in C:\xampp\htdocs\web-uas\system\Model.php on line 238
in SYSTEMPATH\Database\BaseResult.php on line 104.
 1 SYSTEMPATH\Model.php(238): CodeIgniter\Database\BaseResult->getResult(null)
 2 SYSTEMPATH\BaseModel.php(624): CodeIgniter\Model->doFindAll(0, 0)
 3 APPPATH\Controllers\Posting.php(25): CodeIgniter\BaseModel->findAll()
 4 SYSTEMPATH\CodeIgniter.php(942): App\Controllers\Posting->dashboard()
 5 SYSTEMPATH\CodeIgniter.php(502): CodeIgniter\CodeIgniter->runController(Object(App\Controllers\Posting))
 6 SYSTEMPATH\CodeIgniter.php(361): CodeIgniter\CodeIgniter->handleRequest(null, Object(Config\Cache), false)
 7 FCPATH\index.php(79): CodeIgniter\CodeIgniter->run()
 8 SYSTEMPATH\Commands\Server\rewrite.php(47): require_once('C:\\xampp\\htdocs\\web-uas\\public\\index.php')
CRITICAL - 2023-11-20 14:20:35 --> CodeIgniter\Database\BaseResult::getResult(): Argument #1 ($type) must be of type string, null given, called in C:\xampp\htdocs\web-uas\system\Model.php on line 238
in SYSTEMPATH\Database\BaseResult.php on line 104.
 1 SYSTEMPATH\Model.php(238): CodeIgniter\Database\BaseResult->getResult(null)
 2 SYSTEMPATH\BaseModel.php(624): CodeIgniter\Model->doFindAll(0, 0)
 3 APPPATH\Controllers\Posting.php(25): CodeIgniter\BaseModel->findAll()
 4 SYSTEMPATH\CodeIgniter.php(942): App\Controllers\Posting->dashboard()
 5 SYSTEMPATH\CodeIgniter.php(502): CodeIgniter\CodeIgniter->runController(Object(App\Controllers\Posting))
 6 SYSTEMPATH\CodeIgniter.php(361): CodeIgniter\CodeIgniter->handleRequest(null, Object(Config\Cache), false)
 7 FCPATH\index.php(79): CodeIgniter\CodeIgniter->run()
 8 SYSTEMPATH\Commands\Server\rewrite.php(47): require_once('C:\\xampp\\htdocs\\web-uas\\public\\index.php')
CRITICAL - 2023-11-20 14:22:27 --> Cannot use object of type mysqli as array
in APPPATH\Views\admin\form.php on line 63.
 1 SYSTEMPATH\View\View.php(228): include()
 2 SYSTEMPATH\View\View.php(231): CodeIgniter\View\View->CodeIgniter\View\{closure}()
 3 SYSTEMPATH\Common.php(1190): CodeIgniter\View\View->render('admin/form', [], true)
 4 APPPATH\Controllers\Posting.php(46): view('admin/form', [...])
 5 SYSTEMPATH\CodeIgniter.php(942): App\Controllers\Posting->form()
 6 SYSTEMPATH\CodeIgniter.php(502): CodeIgniter\CodeIgniter->runController(Object(App\Controllers\Posting))
 7 SYSTEMPATH\CodeIgniter.php(361): CodeIgniter\CodeIgniter->handleRequest(null, Object(Config\Cache), false)
 8 FCPATH\index.php(79): CodeIgniter\CodeIgniter->run()
 9 SYSTEMPATH\Commands\Server\rewrite.php(47): require_once('C:\\xampp\\htdocs\\web-uas\\public\\index.php')
CRITICAL - 2023-11-20 14:24:24 --> Undefined variable $admin
in APPPATH\Views\admin\form.php on line 62.
 1 APPPATH\Views\admin\form.php(62): CodeIgniter\Debug\Exceptions->errorHandler(2, 'Undefined variable $admin', 'C:\\xampp\\htdocs\\web-uas\\app\\Views\\admin\\form.php', 62)
 2 SYSTEMPATH\View\View.php(228): include('C:\\xampp\\htdocs\\web-uas\\app\\Views\\admin\\form.php')
 3 SYSTEMPATH\View\View.php(231): CodeIgniter\View\View->CodeIgniter\View\{closure}()
 4 SYSTEMPATH\Common.php(1190): CodeIgniter\View\View->render('admin/form', [], true)
 5 APPPATH\Controllers\Posting.php(50): view('admin/form', [...])
 6 SYSTEMPATH\CodeIgniter.php(942): App\Controllers\Posting->form()
 7 SYSTEMPATH\CodeIgniter.php(502): CodeIgniter\CodeIgniter->runController(Object(App\Controllers\Posting))
 8 SYSTEMPATH\CodeIgniter.php(361): CodeIgniter\CodeIgniter->handleRequest(null, Object(Config\Cache), false)
 9 FCPATH\index.php(79): CodeIgniter\CodeIgniter->run()
10 SYSTEMPATH\Commands\Server\rewrite.php(47): require_once('C:\\xampp\\htdocs\\web-uas\\public\\index.php')
CRITICAL - 2023-11-20 14:24:40 --> Cannot use object of type mysqli as array
in APPPATH\Views\admin\form.php on line 63.
 1 SYSTEMPATH\View\View.php(228): include()
 2 SYSTEMPATH\View\View.php(231): CodeIgniter\View\View->CodeIgniter\View\{closure}()
 3 SYSTEMPATH\Common.php(1190): CodeIgniter\View\View->render('admin/form', [], true)
 4 APPPATH\Controllers\Posting.php(50): view('admin/form', [...])
 5 SYSTEMPATH\CodeIgniter.php(942): App\Controllers\Posting->form()
 6 SYSTEMPATH\CodeIgniter.php(502): CodeIgniter\CodeIgniter->runController(Object(App\Controllers\Posting))
 7 SYSTEMPATH\CodeIgniter.php(361): CodeIgniter\CodeIgniter->handleRequest(null, Object(Config\Cache), false)
 8 FCPATH\index.php(79): CodeIgniter\CodeIgniter->run()
 9 SYSTEMPATH\Commands\Server\rewrite.php(47): require_once('C:\\xampp\\htdocs\\web-uas\\public\\index.php')
CRITICAL - 2023-11-20 14:38:59 --> Class App\Models\AmbilModel cannot extend from interface CodeIgniter\Database\ConnectionInterface
in APPPATH\Models\AmbilModel.php on line 22.
 1 [internal function]: CodeIgniter\Debug\Exceptions->shutdownHandler()
CRITICAL - 2023-11-20 14:39:00 --> Class App\Models\AmbilModel cannot extend from interface CodeIgniter\Database\ConnectionInterface
in APPPATH\Models\AmbilModel.php on line 22.
 1 [internal function]: CodeIgniter\Debug\Exceptions->shutdownHandler()
CRITICAL - 2023-11-20 14:41:51 --> CodeIgniter\Database\BaseBuilder::get(): Argument #1 ($limit) must be of type ?int, string given, called in C:\xampp\htdocs\web-uas\app\Models\AmbilModel.php on line 18
in SYSTEMPATH\Database\BaseBuilder.php on line 1607.
 1 APPPATH\Models\AmbilModel.php(18): CodeIgniter\Database\BaseBuilder->get('id_admin', 'nama_admin')
 2 APPPATH\Controllers\Posting.php(41): App\Models\AmbilModel->admin()
 3 SYSTEMPATH\CodeIgniter.php(942): App\Controllers\Posting->form()
 4 SYSTEMPATH\CodeIgniter.php(502): CodeIgniter\CodeIgniter->runController(Object(App\Controllers\Posting))
 5 SYSTEMPATH\CodeIgniter.php(361): CodeIgniter\CodeIgniter->handleRequest(null, Object(Config\Cache), false)
 6 FCPATH\index.php(79): CodeIgniter\CodeIgniter->run()
 7 SYSTEMPATH\Commands\Server\rewrite.php(47): require_once('C:\\xampp\\htdocs\\web-uas\\public\\index.php')
CRITICAL - 2023-11-20 14:41:52 --> CodeIgniter\Database\BaseBuilder::get(): Argument #1 ($limit) must be of type ?int, string given, called in C:\xampp\htdocs\web-uas\app\Models\AmbilModel.php on line 18
in SYSTEMPATH\Database\BaseBuilder.php on line 1607.
 1 APPPATH\Models\AmbilModel.php(18): CodeIgniter\Database\BaseBuilder->get('id_admin', 'nama_admin')
 2 APPPATH\Controllers\Posting.php(41): App\Models\AmbilModel->admin()
 3 SYSTEMPATH\CodeIgniter.php(942): App\Controllers\Posting->form()
 4 SYSTEMPATH\CodeIgniter.php(502): CodeIgniter\CodeIgniter->runController(Object(App\Controllers\Posting))
 5 SYSTEMPATH\CodeIgniter.php(361): CodeIgniter\CodeIgniter->handleRequest(null, Object(Config\Cache), false)
 6 FCPATH\index.php(79): CodeIgniter\CodeIgniter->run()
 7 SYSTEMPATH\Commands\Server\rewrite.php(47): require_once('C:\\xampp\\htdocs\\web-uas\\public\\index.php')
CRITICAL - 2023-11-20 14:41:53 --> CodeIgniter\Database\BaseBuilder::get(): Argument #1 ($limit) must be of type ?int, string given, called in C:\xampp\htdocs\web-uas\app\Models\AmbilModel.php on line 18
in SYSTEMPATH\Database\BaseBuilder.php on line 1607.
 1 APPPATH\Models\AmbilModel.php(18): CodeIgniter\Database\BaseBuilder->get('id_admin', 'nama_admin')
 2 APPPATH\Controllers\Posting.php(41): App\Models\AmbilModel->admin()
 3 SYSTEMPATH\CodeIgniter.php(942): App\Controllers\Posting->form()
 4 SYSTEMPATH\CodeIgniter.php(502): CodeIgniter\CodeIgniter->runController(Object(App\Controllers\Posting))
 5 SYSTEMPATH\CodeIgniter.php(361): CodeIgniter\CodeIgniter->handleRequest(null, Object(Config\Cache), false)
 6 FCPATH\index.php(79): CodeIgniter\CodeIgniter->run()
 7 SYSTEMPATH\Commands\Server\rewrite.php(47): require_once('C:\\xampp\\htdocs\\web-uas\\public\\index.php')
CRITICAL - 2023-11-20 14:44:02 --> Undefined variable $admin
in APPPATH\Views\admin\form.php on line 62.
 1 APPPATH\Views\admin\form.php(62): CodeIgniter\Debug\Exceptions->errorHandler(2, 'Undefined variable $admin', 'C:\\xampp\\htdocs\\web-uas\\app\\Views\\admin\\form.php', 62)
 2 SYSTEMPATH\View\View.php(228): include('C:\\xampp\\htdocs\\web-uas\\app\\Views\\admin\\form.php')
 3 SYSTEMPATH\View\View.php(231): CodeIgniter\View\View->CodeIgniter\View\{closure}()
 4 SYSTEMPATH\Common.php(1190): CodeIgniter\View\View->render('admin/form', [], true)
 5 APPPATH\Controllers\Posting.php(50): view('admin/form', [...])
 6 SYSTEMPATH\CodeIgniter.php(942): App\Controllers\Posting->form()
 7 SYSTEMPATH\CodeIgniter.php(502): CodeIgniter\CodeIgniter->runController(Object(App\Controllers\Posting))
 8 SYSTEMPATH\CodeIgniter.php(361): CodeIgniter\CodeIgniter->handleRequest(null, Object(Config\Cache), false)
 9 FCPATH\index.php(79): CodeIgniter\CodeIgniter->run()
10 SYSTEMPATH\Commands\Server\rewrite.php(47): require_once('C:\\xampp\\htdocs\\web-uas\\public\\index.php')
CRITICAL - 2023-11-20 14:44:41 --> Cannot use object of type stdClass as array
in APPPATH\Views\admin\form.php on line 63.
 1 SYSTEMPATH\View\View.php(228): include()
 2 SYSTEMPATH\View\View.php(231): CodeIgniter\View\View->CodeIgniter\View\{closure}()
 3 SYSTEMPATH\Common.php(1190): CodeIgniter\View\View->render('admin/form', [], true)
 4 APPPATH\Controllers\Posting.php(53): view('admin/form', [...])
 5 SYSTEMPATH\CodeIgniter.php(942): App\Controllers\Posting->form()
 6 SYSTEMPATH\CodeIgniter.php(502): CodeIgniter\CodeIgniter->runController(Object(App\Controllers\Posting))
 7 SYSTEMPATH\CodeIgniter.php(361): CodeIgniter\CodeIgniter->handleRequest(null, Object(Config\Cache), false)
 8 FCPATH\index.php(79): CodeIgniter\CodeIgniter->run()
 9 SYSTEMPATH\Commands\Server\rewrite.php(47): require_once('C:\\xampp\\htdocs\\web-uas\\public\\index.php')
CRITICAL - 2023-11-20 14:47:31 --> Cannot use object of type stdClass as array
in APPPATH\Views\admin\form.php on line 63.
 1 SYSTEMPATH\View\View.php(228): include()
 2 SYSTEMPATH\View\View.php(231): CodeIgniter\View\View->CodeIgniter\View\{closure}()
 3 SYSTEMPATH\Common.php(1190): CodeIgniter\View\View->render('admin/form', [], true)
 4 APPPATH\Controllers\Posting.php(53): view('admin/form', [...])
 5 SYSTEMPATH\CodeIgniter.php(942): App\Controllers\Posting->form()
 6 SYSTEMPATH\CodeIgniter.php(502): CodeIgniter\CodeIgniter->runController(Object(App\Controllers\Posting))
 7 SYSTEMPATH\CodeIgniter.php(361): CodeIgniter\CodeIgniter->handleRequest(null, Object(Config\Cache), false)
 8 FCPATH\index.php(79): CodeIgniter\CodeIgniter->run()
 9 SYSTEMPATH\Commands\Server\rewrite.php(47): require_once('C:\\xampp\\htdocs\\web-uas\\public\\index.php')
CRITICAL - 2023-11-20 15:00:59 --> Cannot use object of type stdClass as array
in APPPATH\Views\admin\form.php on line 63.
 1 SYSTEMPATH\View\View.php(228): include()
 2 SYSTEMPATH\View\View.php(231): CodeIgniter\View\View->CodeIgniter\View\{closure}()
 3 SYSTEMPATH\Common.php(1190): CodeIgniter\View\View->render('admin/form', [], true)
 4 APPPATH\Controllers\Posting.php(53): view('admin/form', [...])
 5 SYSTEMPATH\CodeIgniter.php(942): App\Controllers\Posting->form()
 6 SYSTEMPATH\CodeIgniter.php(502): CodeIgniter\CodeIgniter->runController(Object(App\Controllers\Posting))
 7 SYSTEMPATH\CodeIgniter.php(361): CodeIgniter\CodeIgniter->handleRequest(null, Object(Config\Cache), false)
 8 FCPATH\index.php(79): CodeIgniter\CodeIgniter->run()
 9 SYSTEMPATH\Commands\Server\rewrite.php(47): require_once('C:\\xampp\\htdocs\\web-uas\\public\\index.php')
CRITICAL - 2023-11-20 15:05:35 --> Cannot use object of type stdClass as array
in APPPATH\Views\admin\form.php on line 63.
 1 SYSTEMPATH\View\View.php(228): include()
 2 SYSTEMPATH\View\View.php(231): CodeIgniter\View\View->CodeIgniter\View\{closure}()
 3 SYSTEMPATH\Common.php(1190): CodeIgniter\View\View->render('admin/form', [], true)
 4 APPPATH\Controllers\Posting.php(53): view('admin/form', [...])
 5 SYSTEMPATH\CodeIgniter.php(942): App\Controllers\Posting->form()
 6 SYSTEMPATH\CodeIgniter.php(502): CodeIgniter\CodeIgniter->runController(Object(App\Controllers\Posting))
 7 SYSTEMPATH\CodeIgniter.php(361): CodeIgniter\CodeIgniter->handleRequest(null, Object(Config\Cache), false)
 8 FCPATH\index.php(79): CodeIgniter\CodeIgniter->run()
 9 SYSTEMPATH\Commands\Server\rewrite.php(47): require_once('C:\\xampp\\htdocs\\web-uas\\public\\index.php')
CRITICAL - 2023-11-20 15:08:19 --> Call to a member function result() on array
in APPPATH\Views\admin\form.php on line 62.
 1 SYSTEMPATH\View\View.php(228): include()
 2 SYSTEMPATH\View\View.php(231): CodeIgniter\View\View->CodeIgniter\View\{closure}()
 3 SYSTEMPATH\Common.php(1190): CodeIgniter\View\View->render('admin/form', [], true)
 4 APPPATH\Controllers\Posting.php(53): view('admin/form', [...])
 5 SYSTEMPATH\CodeIgniter.php(942): App\Controllers\Posting->form()
 6 SYSTEMPATH\CodeIgniter.php(502): CodeIgniter\CodeIgniter->runController(Object(App\Controllers\Posting))
 7 SYSTEMPATH\CodeIgniter.php(361): CodeIgniter\CodeIgniter->handleRequest(null, Object(Config\Cache), false)
 8 FCPATH\index.php(79): CodeIgniter\CodeIgniter->run()
 9 SYSTEMPATH\Commands\Server\rewrite.php(47): require_once('C:\\xampp\\htdocs\\web-uas\\public\\index.php')
CRITICAL - 2023-11-20 15:08:49 --> Call to a member function result() on array
in APPPATH\Views\admin\form.php on line 62.
 1 SYSTEMPATH\View\View.php(228): include()
 2 SYSTEMPATH\View\View.php(231): CodeIgniter\View\View->CodeIgniter\View\{closure}()
 3 SYSTEMPATH\Common.php(1190): CodeIgniter\View\View->render('admin/form', [], true)
 4 APPPATH\Controllers\Posting.php(53): view('admin/form', [...])
 5 SYSTEMPATH\CodeIgniter.php(942): App\Controllers\Posting->form()
 6 SYSTEMPATH\CodeIgniter.php(502): CodeIgniter\CodeIgniter->runController(Object(App\Controllers\Posting))
 7 SYSTEMPATH\CodeIgniter.php(361): CodeIgniter\CodeIgniter->handleRequest(null, Object(Config\Cache), false)
 8 FCPATH\index.php(79): CodeIgniter\CodeIgniter->run()
 9 SYSTEMPATH\Commands\Server\rewrite.php(47): require_once('C:\\xampp\\htdocs\\web-uas\\public\\index.php')
CRITICAL - 2023-11-20 15:09:01 --> Cannot use object of type stdClass as array
in APPPATH\Views\admin\form.php on line 63.
 1 SYSTEMPATH\View\View.php(228): include()
 2 SYSTEMPATH\View\View.php(231): CodeIgniter\View\View->CodeIgniter\View\{closure}()
 3 SYSTEMPATH\Common.php(1190): CodeIgniter\View\View->render('admin/form', [], true)
 4 APPPATH\Controllers\Posting.php(53): view('admin/form', [...])
 5 SYSTEMPATH\CodeIgniter.php(942): App\Controllers\Posting->form()
 6 SYSTEMPATH\CodeIgniter.php(502): CodeIgniter\CodeIgniter->runController(Object(App\Controllers\Posting))
 7 SYSTEMPATH\CodeIgniter.php(361): CodeIgniter\CodeIgniter->handleRequest(null, Object(Config\Cache), false)
 8 FCPATH\index.php(79): CodeIgniter\CodeIgniter->run()
 9 SYSTEMPATH\Commands\Server\rewrite.php(47): require_once('C:\\xampp\\htdocs\\web-uas\\public\\index.php')
ERROR - 2023-11-20 16:18:05 --> mysqli_sql_exception: Column 'status' cannot be null in C:\xampp\htdocs\web-uas\system\Database\MySQLi\Connection.php:306
Stack trace:
#0 C:\xampp\htdocs\web-uas\system\Database\MySQLi\Connection.php(306): mysqli->query('INSERT INTO `po...', 0)
#1 C:\xampp\htdocs\web-uas\system\Database\BaseConnection.php(693): CodeIgniter\Database\MySQLi\Connection->execute('INSERT INTO `po...')
#2 C:\xampp\htdocs\web-uas\system\Database\BaseConnection.php(607): CodeIgniter\Database\BaseConnection->simpleQuery('INSERT INTO `po...')
#3 C:\xampp\htdocs\web-uas\system\Database\BaseBuilder.php(2308): CodeIgniter\Database\BaseConnection->query('INSERT INTO `po...', Array, false)
#4 C:\xampp\htdocs\web-uas\system\Model.php(319): CodeIgniter\Database\BaseBuilder->insert()
#5 C:\xampp\htdocs\web-uas\system\BaseModel.php(788): CodeIgniter\Model->doInsert(Array)
#6 C:\xampp\htdocs\web-uas\system\Model.php(715): CodeIgniter\BaseModel->insert(Array, true)
#7 C:\xampp\htdocs\web-uas\app\Controllers\Posting.php(78): CodeIgniter\Model->insert(Array)
#8 C:\xampp\htdocs\web-uas\system\CodeIgniter.php(942): App\Controllers\Posting->form_proses()
#9 C:\xampp\htdocs\web-uas\system\CodeIgniter.php(502): CodeIgniter\CodeIgniter->runController(Object(App\Controllers\Posting))
#10 C:\xampp\htdocs\web-uas\system\CodeIgniter.php(361): CodeIgniter\CodeIgniter->handleRequest(NULL, Object(Config\Cache), false)
#11 C:\xampp\htdocs\web-uas\public\index.php(79): CodeIgniter\CodeIgniter->run()
#12 C:\xampp\htdocs\web-uas\system\Commands\Server\rewrite.php(47): require_once('C:\\xampp\\htdocs...')
#13 {main}
CRITICAL - 2023-11-20 16:18:05 --> Column 'status' cannot be null
in SYSTEMPATH\Database\BaseConnection.php on line 647.
 1 SYSTEMPATH\Database\BaseBuilder.php(2308): CodeIgniter\Database\BaseConnection->query('INSERT INTO `post` (`id_admin`, `id_produk`, `visual_produk`, `cover_latter`, `desk_produk`, `tanggal`, `jam`, `status`) VALUES (:id_admin:, :id_produk:, :visual_produk:, :cover_latter:, :desk_produk:, :tanggal:, :jam:, :status:)', [...], false)
 2 SYSTEMPATH\Model.php(319): CodeIgniter\Database\BaseBuilder->insert()
 3 SYSTEMPATH\BaseModel.php(788): CodeIgniter\Model->doInsert([...])
 4 SYSTEMPATH\Model.php(715): CodeIgniter\BaseModel->insert([...], true)
 5 APPPATH\Controllers\Posting.php(78): CodeIgniter\Model->insert([...])
 6 SYSTEMPATH\CodeIgniter.php(942): App\Controllers\Posting->form_proses()
 7 SYSTEMPATH\CodeIgniter.php(502): CodeIgniter\CodeIgniter->runController(Object(App\Controllers\Posting))
 8 SYSTEMPATH\CodeIgniter.php(361): CodeIgniter\CodeIgniter->handleRequest(null, Object(Config\Cache), false)
 9 FCPATH\index.php(79): CodeIgniter\CodeIgniter->run()
10 SYSTEMPATH\Commands\Server\rewrite.php(47): require_once('C:\\xampp\\htdocs\\web-uas\\public\\index.php')
ERROR - 2023-11-20 16:18:36 --> mysqli_sql_exception: Duplicate entry '1' for key 'id_admin' in C:\xampp\htdocs\web-uas\system\Database\MySQLi\Connection.php:306
Stack trace:
#0 C:\xampp\htdocs\web-uas\system\Database\MySQLi\Connection.php(306): mysqli->query('INSERT INTO `po...', 0)
#1 C:\xampp\htdocs\web-uas\system\Database\BaseConnection.php(693): CodeIgniter\Database\MySQLi\Connection->execute('INSERT INTO `po...')
#2 C:\xampp\htdocs\web-uas\system\Database\BaseConnection.php(607): CodeIgniter\Database\BaseConnection->simpleQuery('INSERT INTO `po...')
#3 C:\xampp\htdocs\web-uas\system\Database\BaseBuilder.php(2308): CodeIgniter\Database\BaseConnection->query('INSERT INTO `po...', Array, false)
#4 C:\xampp\htdocs\web-uas\system\Model.php(319): CodeIgniter\Database\BaseBuilder->insert()
#5 C:\xampp\htdocs\web-uas\system\BaseModel.php(788): CodeIgniter\Model->doInsert(Array)
#6 C:\xampp\htdocs\web-uas\system\Model.php(715): CodeIgniter\BaseModel->insert(Array, true)
#7 C:\xampp\htdocs\web-uas\app\Controllers\Posting.php(76): CodeIgniter\Model->insert(Array)
#8 C:\xampp\htdocs\web-uas\system\CodeIgniter.php(942): App\Controllers\Posting->form_proses()
#9 C:\xampp\htdocs\web-uas\system\CodeIgniter.php(502): CodeIgniter\CodeIgniter->runController(Object(App\Controllers\Posting))
#10 C:\xampp\htdocs\web-uas\system\CodeIgniter.php(361): CodeIgniter\CodeIgniter->handleRequest(NULL, Object(Config\Cache), false)
#11 C:\xampp\htdocs\web-uas\public\index.php(79): CodeIgniter\CodeIgniter->run()
#12 C:\xampp\htdocs\web-uas\system\Commands\Server\rewrite.php(47): require_once('C:\\xampp\\htdocs...')
#13 {main}
CRITICAL - 2023-11-20 16:18:36 --> Duplicate entry '1' for key 'id_admin'
in SYSTEMPATH\Database\BaseConnection.php on line 647.
 1 SYSTEMPATH\Database\BaseBuilder.php(2308): CodeIgniter\Database\BaseConnection->query('INSERT INTO `post` (`id_admin`, `id_produk`, `visual_produk`, `cover_latter`, `desk_produk`, `tanggal`, `jam`) VALUES (:id_admin:, :id_produk:, :visual_produk:, :cover_latter:, :desk_produk:, :tanggal:, :jam:)', [...], false)
 2 SYSTEMPATH\Model.php(319): CodeIgniter\Database\BaseBuilder->insert()
 3 SYSTEMPATH\BaseModel.php(788): CodeIgniter\Model->doInsert([...])
 4 SYSTEMPATH\Model.php(715): CodeIgniter\BaseModel->insert([...], true)
 5 APPPATH\Controllers\Posting.php(76): CodeIgniter\Model->insert([...])
 6 SYSTEMPATH\CodeIgniter.php(942): App\Controllers\Posting->form_proses()
 7 SYSTEMPATH\CodeIgniter.php(502): CodeIgniter\CodeIgniter->runController(Object(App\Controllers\Posting))
 8 SYSTEMPATH\CodeIgniter.php(361): CodeIgniter\CodeIgniter->handleRequest(null, Object(Config\Cache), false)
 9 FCPATH\index.php(79): CodeIgniter\CodeIgniter->run()
10 SYSTEMPATH\Commands\Server\rewrite.php(47): require_once('C:\\xampp\\htdocs\\web-uas\\public\\index.php')
ERROR - 2023-11-20 16:18:48 --> mysqli_sql_exception: Duplicate entry '1' for key 'id_produk' in C:\xampp\htdocs\web-uas\system\Database\MySQLi\Connection.php:306
Stack trace:
#0 C:\xampp\htdocs\web-uas\system\Database\MySQLi\Connection.php(306): mysqli->query('INSERT INTO `po...', 0)
#1 C:\xampp\htdocs\web-uas\system\Database\BaseConnection.php(693): CodeIgniter\Database\MySQLi\Connection->execute('INSERT INTO `po...')
#2 C:\xampp\htdocs\web-uas\system\Database\BaseConnection.php(607): CodeIgniter\Database\BaseConnection->simpleQuery('INSERT INTO `po...')
#3 C:\xampp\htdocs\web-uas\system\Database\BaseBuilder.php(2308): CodeIgniter\Database\BaseConnection->query('INSERT INTO `po...', Array, false)
#4 C:\xampp\htdocs\web-uas\system\Model.php(319): CodeIgniter\Database\BaseBuilder->insert()
#5 C:\xampp\htdocs\web-uas\system\BaseModel.php(788): CodeIgniter\Model->doInsert(Array)
#6 C:\xampp\htdocs\web-uas\system\Model.php(715): CodeIgniter\BaseModel->insert(Array, true)
#7 C:\xampp\htdocs\web-uas\app\Controllers\Posting.php(76): CodeIgniter\Model->insert(Array)
#8 C:\xampp\htdocs\web-uas\system\CodeIgniter.php(942): App\Controllers\Posting->form_proses()
#9 C:\xampp\htdocs\web-uas\system\CodeIgniter.php(502): CodeIgniter\CodeIgniter->runController(Object(App\Controllers\Posting))
#10 C:\xampp\htdocs\web-uas\system\CodeIgniter.php(361): CodeIgniter\CodeIgniter->handleRequest(NULL, Object(Config\Cache), false)
#11 C:\xampp\htdocs\web-uas\public\index.php(79): CodeIgniter\CodeIgniter->run()
#12 C:\xampp\htdocs\web-uas\system\Commands\Server\rewrite.php(47): require_once('C:\\xampp\\htdocs...')
#13 {main}
CRITICAL - 2023-11-20 16:18:48 --> Duplicate entry '1' for key 'id_produk'
in SYSTEMPATH\Database\BaseConnection.php on line 647.
 1 SYSTEMPATH\Database\BaseBuilder.php(2308): CodeIgniter\Database\BaseConnection->query('INSERT INTO `post` (`id_admin`, `id_produk`, `visual_produk`, `cover_latter`, `desk_produk`, `tanggal`, `jam`) VALUES (:id_admin:, :id_produk:, :visual_produk:, :cover_latter:, :desk_produk:, :tanggal:, :jam:)', [...], false)
 2 SYSTEMPATH\Model.php(319): CodeIgniter\Database\BaseBuilder->insert()
 3 SYSTEMPATH\BaseModel.php(788): CodeIgniter\Model->doInsert([...])
 4 SYSTEMPATH\Model.php(715): CodeIgniter\BaseModel->insert([...], true)
 5 APPPATH\Controllers\Posting.php(76): CodeIgniter\Model->insert([...])
 6 SYSTEMPATH\CodeIgniter.php(942): App\Controllers\Posting->form_proses()
 7 SYSTEMPATH\CodeIgniter.php(502): CodeIgniter\CodeIgniter->runController(Object(App\Controllers\Posting))
 8 SYSTEMPATH\CodeIgniter.php(361): CodeIgniter\CodeIgniter->handleRequest(null, Object(Config\Cache), false)
 9 FCPATH\index.php(79): CodeIgniter\CodeIgniter->run()
10 SYSTEMPATH\Commands\Server\rewrite.php(47): require_once('C:\\xampp\\htdocs\\web-uas\\public\\index.php')
ERROR - 2023-11-20 16:19:56 --> mysqli_sql_exception: Duplicate entry '2' for key 'id_admin' in C:\xampp\htdocs\web-uas\system\Database\MySQLi\Connection.php:306
Stack trace:
#0 C:\xampp\htdocs\web-uas\system\Database\MySQLi\Connection.php(306): mysqli->query('INSERT INTO `po...', 0)
#1 C:\xampp\htdocs\web-uas\system\Database\BaseConnection.php(693): CodeIgniter\Database\MySQLi\Connection->execute('INSERT INTO `po...')
#2 C:\xampp\htdocs\web-uas\system\Database\BaseConnection.php(607): CodeIgniter\Database\BaseConnection->simpleQuery('INSERT INTO `po...')
#3 C:\xampp\htdocs\web-uas\system\Database\BaseBuilder.php(2308): CodeIgniter\Database\BaseConnection->query('INSERT INTO `po...', Array, false)
#4 C:\xampp\htdocs\web-uas\system\Model.php(319): CodeIgniter\Database\BaseBuilder->insert()
#5 C:\xampp\htdocs\web-uas\system\BaseModel.php(788): CodeIgniter\Model->doInsert(Array)
#6 C:\xampp\htdocs\web-uas\system\Model.php(715): CodeIgniter\BaseModel->insert(Array, true)
#7 C:\xampp\htdocs\web-uas\app\Controllers\Posting.php(76): CodeIgniter\Model->insert(Array)
#8 C:\xampp\htdocs\web-uas\system\CodeIgniter.php(942): App\Controllers\Posting->form_proses()
#9 C:\xampp\htdocs\web-uas\system\CodeIgniter.php(502): CodeIgniter\CodeIgniter->runController(Object(App\Controllers\Posting))
#10 C:\xampp\htdocs\web-uas\system\CodeIgniter.php(361): CodeIgniter\CodeIgniter->handleRequest(NULL, Object(Config\Cache), false)
#11 C:\xampp\htdocs\web-uas\public\index.php(79): CodeIgniter\CodeIgniter->run()
#12 C:\xampp\htdocs\web-uas\system\Commands\Server\rewrite.php(47): require_once('C:\\xampp\\htdocs...')
#13 {main}
CRITICAL - 2023-11-20 16:19:56 --> Duplicate entry '2' for key 'id_admin'
in SYSTEMPATH\Database\BaseConnection.php on line 647.
 1 SYSTEMPATH\Database\BaseBuilder.php(2308): CodeIgniter\Database\BaseConnection->query('INSERT INTO `post` (`id_admin`, `id_produk`, `visual_produk`, `cover_latter`, `desk_produk`, `tanggal`, `jam`) VALUES (:id_admin:, :id_produk:, :visual_produk:, :cover_latter:, :desk_produk:, :tanggal:, :jam:)', [...], false)
 2 SYSTEMPATH\Model.php(319): CodeIgniter\Database\BaseBuilder->insert()
 3 SYSTEMPATH\BaseModel.php(788): CodeIgniter\Model->doInsert([...])
 4 SYSTEMPATH\Model.php(715): CodeIgniter\BaseModel->insert([...], true)
 5 APPPATH\Controllers\Posting.php(76): CodeIgniter\Model->insert([...])
 6 SYSTEMPATH\CodeIgniter.php(942): App\Controllers\Posting->form_proses()
 7 SYSTEMPATH\CodeIgniter.php(502): CodeIgniter\CodeIgniter->runController(Object(App\Controllers\Posting))
 8 SYSTEMPATH\CodeIgniter.php(361): CodeIgniter\CodeIgniter->handleRequest(null, Object(Config\Cache), false)
 9 FCPATH\index.php(79): CodeIgniter\CodeIgniter->run()
10 SYSTEMPATH\Commands\Server\rewrite.php(47): require_once('C:\\xampp\\htdocs\\web-uas\\public\\index.php')
ERROR - 2023-11-20 16:22:21 --> mysqli_sql_exception: Duplicate entry '2' for key 'id_admin' in C:\xampp\htdocs\web-uas\system\Database\MySQLi\Connection.php:306
Stack trace:
#0 C:\xampp\htdocs\web-uas\system\Database\MySQLi\Connection.php(306): mysqli->query('INSERT INTO `po...', 0)
#1 C:\xampp\htdocs\web-uas\system\Database\BaseConnection.php(693): CodeIgniter\Database\MySQLi\Connection->execute('INSERT INTO `po...')
#2 C:\xampp\htdocs\web-uas\system\Database\BaseConnection.php(607): CodeIgniter\Database\BaseConnection->simpleQuery('INSERT INTO `po...')
#3 C:\xampp\htdocs\web-uas\system\Database\BaseBuilder.php(2308): CodeIgniter\Database\BaseConnection->query('INSERT INTO `po...', Array, false)
#4 C:\xampp\htdocs\web-uas\system\Model.php(319): CodeIgniter\Database\BaseBuilder->insert()
#5 C:\xampp\htdocs\web-uas\system\BaseModel.php(788): CodeIgniter\Model->doInsert(Array)
#6 C:\xampp\htdocs\web-uas\system\Model.php(715): CodeIgniter\BaseModel->insert(Array, true)
#7 C:\xampp\htdocs\web-uas\app\Controllers\Posting.php(76): CodeIgniter\Model->insert(Array)
#8 C:\xampp\htdocs\web-uas\system\CodeIgniter.php(942): App\Controllers\Posting->form_proses()
#9 C:\xampp\htdocs\web-uas\system\CodeIgniter.php(502): CodeIgniter\CodeIgniter->runController(Object(App\Controllers\Posting))
#10 C:\xampp\htdocs\web-uas\system\CodeIgniter.php(361): CodeIgniter\CodeIgniter->handleRequest(NULL, Object(Config\Cache), false)
#11 C:\xampp\htdocs\web-uas\public\index.php(79): CodeIgniter\CodeIgniter->run()
#12 C:\xampp\htdocs\web-uas\system\Commands\Server\rewrite.php(47): require_once('C:\\xampp\\htdocs...')
#13 {main}
CRITICAL - 2023-11-20 16:22:21 --> Duplicate entry '2' for key 'id_admin'
in SYSTEMPATH\Database\BaseConnection.php on line 647.
 1 SYSTEMPATH\Database\BaseBuilder.php(2308): CodeIgniter\Database\BaseConnection->query('INSERT INTO `post` (`id_admin`, `id_produk`, `visual_produk`, `cover_latter`, `desk_produk`, `tanggal`, `jam`) VALUES (:id_admin:, :id_produk:, :visual_produk:, :cover_latter:, :desk_produk:, :tanggal:, :jam:)', [...], false)
 2 SYSTEMPATH\Model.php(319): CodeIgniter\Database\BaseBuilder->insert()
 3 SYSTEMPATH\BaseModel.php(788): CodeIgniter\Model->doInsert([...])
 4 SYSTEMPATH\Model.php(715): CodeIgniter\BaseModel->insert([...], true)
 5 APPPATH\Controllers\Posting.php(76): CodeIgniter\Model->insert([...])
 6 SYSTEMPATH\CodeIgniter.php(942): App\Controllers\Posting->form_proses()
 7 SYSTEMPATH\CodeIgniter.php(502): CodeIgniter\CodeIgniter->runController(Object(App\Controllers\Posting))
 8 SYSTEMPATH\CodeIgniter.php(361): CodeIgniter\CodeIgniter->handleRequest(null, Object(Config\Cache), false)
 9 FCPATH\index.php(79): CodeIgniter\CodeIgniter->run()
10 SYSTEMPATH\Commands\Server\rewrite.php(47): require_once('C:\\xampp\\htdocs\\web-uas\\public\\index.php')
ERROR - 2023-11-20 16:23:13 --> mysqli_sql_exception: Duplicate entry '1' for key 'id_admin' in C:\xampp\htdocs\web-uas\system\Database\MySQLi\Connection.php:306
Stack trace:
#0 C:\xampp\htdocs\web-uas\system\Database\MySQLi\Connection.php(306): mysqli->query('INSERT INTO `po...', 0)
#1 C:\xampp\htdocs\web-uas\system\Database\BaseConnection.php(693): CodeIgniter\Database\MySQLi\Connection->execute('INSERT INTO `po...')
#2 C:\xampp\htdocs\web-uas\system\Database\BaseConnection.php(607): CodeIgniter\Database\BaseConnection->simpleQuery('INSERT INTO `po...')
#3 C:\xampp\htdocs\web-uas\system\Database\BaseBuilder.php(2308): CodeIgniter\Database\BaseConnection->query('INSERT INTO `po...', Array, false)
#4 C:\xampp\htdocs\web-uas\system\Model.php(319): CodeIgniter\Database\BaseBuilder->insert()
#5 C:\xampp\htdocs\web-uas\system\BaseModel.php(788): CodeIgniter\Model->doInsert(Array)
#6 C:\xampp\htdocs\web-uas\system\Model.php(715): CodeIgniter\BaseModel->insert(Array, true)
#7 C:\xampp\htdocs\web-uas\app\Controllers\Posting.php(76): CodeIgniter\Model->insert(Array)
#8 C:\xampp\htdocs\web-uas\system\CodeIgniter.php(942): App\Controllers\Posting->form_proses()
#9 C:\xampp\htdocs\web-uas\system\CodeIgniter.php(502): CodeIgniter\CodeIgniter->runController(Object(App\Controllers\Posting))
#10 C:\xampp\htdocs\web-uas\system\CodeIgniter.php(361): CodeIgniter\CodeIgniter->handleRequest(NULL, Object(Config\Cache), false)
#11 C:\xampp\htdocs\web-uas\public\index.php(79): CodeIgniter\CodeIgniter->run()
#12 C:\xampp\htdocs\web-uas\system\Commands\Server\rewrite.php(47): require_once('C:\\xampp\\htdocs...')
#13 {main}
CRITICAL - 2023-11-20 16:23:13 --> Duplicate entry '1' for key 'id_admin'
in SYSTEMPATH\Database\BaseConnection.php on line 647.
 1 SYSTEMPATH\Database\BaseBuilder.php(2308): CodeIgniter\Database\BaseConnection->query('INSERT INTO `post` (`id_admin`, `id_produk`, `visual_produk`, `cover_latter`, `desk_produk`, `tanggal`, `jam`) VALUES (:id_admin:, :id_produk:, :visual_produk:, :cover_latter:, :desk_produk:, :tanggal:, :jam:)', [...], false)
 2 SYSTEMPATH\Model.php(319): CodeIgniter\Database\BaseBuilder->insert()
 3 SYSTEMPATH\BaseModel.php(788): CodeIgniter\Model->doInsert([...])
 4 SYSTEMPATH\Model.php(715): CodeIgniter\BaseModel->insert([...], true)
 5 APPPATH\Controllers\Posting.php(76): CodeIgniter\Model->insert([...])
 6 SYSTEMPATH\CodeIgniter.php(942): App\Controllers\Posting->form_proses()
 7 SYSTEMPATH\CodeIgniter.php(502): CodeIgniter\CodeIgniter->runController(Object(App\Controllers\Posting))
 8 SYSTEMPATH\CodeIgniter.php(361): CodeIgniter\CodeIgniter->handleRequest(null, Object(Config\Cache), false)
 9 FCPATH\index.php(79): CodeIgniter\CodeIgniter->run()
10 SYSTEMPATH\Commands\Server\rewrite.php(47): require_once('C:\\xampp\\htdocs\\web-uas\\public\\index.php')
