ERROR - 2023-12-18 04:20:55 --> mysqli_sql_exception: Cannot add or update a child row: a foreign key constraint fails (`web_uas`.`post`, CONSTRAINT `post_ibfk_1` FOREIGN KEY (`id_admin`) REFERENCES `admin` (`id_admin`)) in C:\xampp\htdocs\web-uas\system\Database\MySQLi\Connection.php:306
Stack trace:
#0 C:\xampp\htdocs\web-uas\system\Database\MySQLi\Connection.php(306): mysqli->query('INSERT INTO `po...', 0)
#1 C:\xampp\htdocs\web-uas\system\Database\BaseConnection.php(693): CodeIgniter\Database\MySQLi\Connection->execute('INSERT INTO `po...')
#2 C:\xampp\htdocs\web-uas\system\Database\BaseConnection.php(607): CodeIgniter\Database\BaseConnection->simpleQuery('INSERT INTO `po...')
#3 C:\xampp\htdocs\web-uas\system\Database\BaseBuilder.php(2308): CodeIgniter\Database\BaseConnection->query('INSERT INTO `po...', Array, false)
#4 C:\xampp\htdocs\web-uas\system\Model.php(319): CodeIgniter\Database\BaseBuilder->insert()
#5 C:\xampp\htdocs\web-uas\system\BaseModel.php(788): CodeIgniter\Model->doInsert(Array)
#6 C:\xampp\htdocs\web-uas\system\Model.php(715): CodeIgniter\BaseModel->insert(Array, true)
#7 C:\xampp\htdocs\web-uas\app\Controllers\Posting.php(98): CodeIgniter\Model->insert(Array)
#8 C:\xampp\htdocs\web-uas\system\CodeIgniter.php(942): App\Controllers\Posting->form_proses()
#9 C:\xampp\htdocs\web-uas\system\CodeIgniter.php(502): CodeIgniter\CodeIgniter->runController(Object(App\Controllers\Posting))
#10 C:\xampp\htdocs\web-uas\system\CodeIgniter.php(361): CodeIgniter\CodeIgniter->handleRequest(NULL, Object(Config\Cache), false)
#11 C:\xampp\htdocs\web-uas\public\index.php(79): CodeIgniter\CodeIgniter->run()
#12 C:\xampp\htdocs\web-uas\system\Commands\Server\rewrite.php(47): require_once('C:\\xampp\\htdocs...')
#13 {main}
CRITICAL - 2023-12-18 04:20:55 --> Cannot add or update a child row: a foreign key constraint fails (`web_uas`.`post`, CONSTRAINT `post_ibfk_1` FOREIGN KEY (`id_admin`) REFERENCES `admin` (`id_admin`))
in SYSTEMPATH\Database\BaseConnection.php on line 647.
 1 SYSTEMPATH\Database\BaseBuilder.php(2308): CodeIgniter\Database\BaseConnection->query('INSERT INTO `post` (`id_admin`, `id_produk`, `visual_produk`, `cover_latter`, `desk_produk`, `tanggal`, `jam`) VALUES (:id_admin:, :id_produk:, :visual_produk:, :cover_latter:, :desk_produk:, :tanggal:, :jam:)', [...], false)
 2 SYSTEMPATH\Model.php(319): CodeIgniter\Database\BaseBuilder->insert()
 3 SYSTEMPATH\BaseModel.php(788): CodeIgniter\Model->doInsert([...])
 4 SYSTEMPATH\Model.php(715): CodeIgniter\BaseModel->insert([...], true)
 5 APPPATH\Controllers\Posting.php(98): CodeIgniter\Model->insert([...])
 6 SYSTEMPATH\CodeIgniter.php(942): App\Controllers\Posting->form_proses()
 7 SYSTEMPATH\CodeIgniter.php(502): CodeIgniter\CodeIgniter->runController(Object(App\Controllers\Posting))
 8 SYSTEMPATH\CodeIgniter.php(361): CodeIgniter\CodeIgniter->handleRequest(null, Object(Config\Cache), false)
 9 FCPATH\index.php(79): CodeIgniter\CodeIgniter->run()
10 SYSTEMPATH\Commands\Server\rewrite.php(47): require_once('C:\\xampp\\htdocs\\web-uas\\public\\index.php')
ERROR - 2023-12-18 04:24:42 --> mysqli_sql_exception: Column 'id_admin' cannot be null in C:\xampp\htdocs\web-uas\system\Database\MySQLi\Connection.php:306
Stack trace:
#0 C:\xampp\htdocs\web-uas\system\Database\MySQLi\Connection.php(306): mysqli->query('INSERT INTO `po...', 0)
#1 C:\xampp\htdocs\web-uas\system\Database\BaseConnection.php(693): CodeIgniter\Database\MySQLi\Connection->execute('INSERT INTO `po...')
#2 C:\xampp\htdocs\web-uas\system\Database\BaseConnection.php(607): CodeIgniter\Database\BaseConnection->simpleQuery('INSERT INTO `po...')
#3 C:\xampp\htdocs\web-uas\system\Database\BaseBuilder.php(2308): CodeIgniter\Database\BaseConnection->query('INSERT INTO `po...', Array, false)
#4 C:\xampp\htdocs\web-uas\system\Model.php(319): CodeIgniter\Database\BaseBuilder->insert()
#5 C:\xampp\htdocs\web-uas\system\BaseModel.php(788): CodeIgniter\Model->doInsert(Array)
#6 C:\xampp\htdocs\web-uas\system\Model.php(715): CodeIgniter\BaseModel->insert(Array, true)
#7 C:\xampp\htdocs\web-uas\app\Controllers\Posting.php(98): CodeIgniter\Model->insert(Array)
#8 C:\xampp\htdocs\web-uas\system\CodeIgniter.php(942): App\Controllers\Posting->form_proses()
#9 C:\xampp\htdocs\web-uas\system\CodeIgniter.php(502): CodeIgniter\CodeIgniter->runController(Object(App\Controllers\Posting))
#10 C:\xampp\htdocs\web-uas\system\CodeIgniter.php(361): CodeIgniter\CodeIgniter->handleRequest(NULL, Object(Config\Cache), false)
#11 C:\xampp\htdocs\web-uas\public\index.php(79): CodeIgniter\CodeIgniter->run()
#12 C:\xampp\htdocs\web-uas\system\Commands\Server\rewrite.php(47): require_once('C:\\xampp\\htdocs...')
#13 {main}
CRITICAL - 2023-12-18 04:24:42 --> Column 'id_admin' cannot be null
in SYSTEMPATH\Database\BaseConnection.php on line 647.
 1 SYSTEMPATH\Database\BaseBuilder.php(2308): CodeIgniter\Database\BaseConnection->query('INSERT INTO `post` (`id_admin`, `id_produk`, `visual_produk`, `cover_latter`, `desk_produk`, `tanggal`, `jam`) VALUES (:id_admin:, :id_produk:, :visual_produk:, :cover_latter:, :desk_produk:, :tanggal:, :jam:)', [...], false)
 2 SYSTEMPATH\Model.php(319): CodeIgniter\Database\BaseBuilder->insert()
 3 SYSTEMPATH\BaseModel.php(788): CodeIgniter\Model->doInsert([...])
 4 SYSTEMPATH\Model.php(715): CodeIgniter\BaseModel->insert([...], true)
 5 APPPATH\Controllers\Posting.php(98): CodeIgniter\Model->insert([...])
 6 SYSTEMPATH\CodeIgniter.php(942): App\Controllers\Posting->form_proses()
 7 SYSTEMPATH\CodeIgniter.php(502): CodeIgniter\CodeIgniter->runController(Object(App\Controllers\Posting))
 8 SYSTEMPATH\CodeIgniter.php(361): CodeIgniter\CodeIgniter->handleRequest(null, Object(Config\Cache), false)
 9 FCPATH\index.php(79): CodeIgniter\CodeIgniter->run()
10 SYSTEMPATH\Commands\Server\rewrite.php(47): require_once('C:\\xampp\\htdocs\\web-uas\\public\\index.php')
